<?xml version="1.0" encoding="UTF-8"?>
<!-- Generated by org.testng.reporters.JUnitXMLReporter -->
<testsuite ignored="0" hostname="LAPTOP-7PQMV6TA" failures="1" tests="2" name="Test" time="9.355" errors="0" timestamp="16 May 2021 08:14:30 GMT">
  <testcase classname="checkConnection.OpenAmazon" name="openAmazon" time="2.814">
    <failure type="java.lang.AssertionError" message="expected [Gooogle] but found [Google]">
      <![CDATA[java.lang.AssertionError: expected [Gooogle] but found [Google]
at checkConnection.OpenAmazon.openAmazon(OpenAmazon.java:52)
... Removed 31 stack frames]]>
    </failure>
  </testcase> <!-- openAmazon -->
  <testcase classname="checkConnection.OpenAmazon" name="opengoogle" time="6.277"/>
</testsuite> <!-- Test -->
