<?xml version="1.0" encoding="UTF-8"?>
<!-- Generated by org.testng.reporters.JUnitXMLReporter -->
<testsuite ignored="0" hostname="LAPTOP-7PQMV6TA" failures="2" tests="3" name="Test" time="20.745" errors="0" timestamp="18 May 2021 18:03:34 GMT">
  <testcase classname="checkConnection.OpenAmazon" name="openAmazon" time="1.957">
    <failure type="java.lang.AssertionError" message="expected [Gooogle] but found [Google]">
      <![CDATA[java.lang.AssertionError: expected [Gooogle] but found [Google]
at checkConnection.OpenAmazon.openAmazon(OpenAmazon.java:51)
... Removed 35 stack frames]]>
    </failure>
  </testcase> <!-- openAmazon -->
  <testcase classname="checkConnection.OpenAmazon" name="opengoogle" time="5.467"/>
  <testcase classname="checkConnection.OpenFlipkart" name="openFlipkartwrongTitle" time="8.19">
    <failure type="java.lang.AssertionError" message="expected [Shopping Site for Mobiles, Electronics, Furniture, Grocery, Lifestyle, Books &amp;amp; More. Best Offers!] but found [Online Shopping Site for Mobiles, Electronics, Furniture, Grocery, Lifestyle, Books &amp;amp; More. Best Offers!]">
      <![CDATA[java.lang.AssertionError: expected [Shopping Site for Mobiles, Electronics, Furniture, Grocery, Lifestyle, Books & More. Best Offers!] but found [Online Shopping Site for Mobiles, Electronics, Furniture, Grocery, Lifestyle, Books & More. Best Offers!]
at checkConnection.OpenFlipkart.openFlipkartwrongTitle(OpenFlipkart.java:57)
... Removed 35 stack frames]]>
    </failure>
  </testcase> <!-- openFlipkartwrongTitle -->
</testsuite> <!-- Test -->
